[2021-04-25T02:19:26.670173+00:00] app log.INFO: Login userId: 1 [] []
[2021-04-25T02:27:06.820711+00:00] app log.ERROR: Logout userId: 1 [] []
[2021-04-25T02:27:49.906562+00:00] app log.INFO: Login userId: Fabian [] []
[2021-04-25T02:28:13.647854+00:00] app log.ERROR: Logout userId:  [] []
[2021-04-25T02:28:44.493353+00:00] app log.INFO: Login userId: Fabian [] []
[2021-04-25T02:28:46.889329+00:00] app log.INFO: Logout userId:  [] []
[2021-04-25T02:32:13.597622+00:00] app log.INFO: Login userId: Fabian [] []
[2021-04-25T02:35:42.347396+00:00] app log.INFO: Logout userId: Fabian [] []
[2021-04-25T02:35:47.888459+00:00] app log.INFO: Login userId: Fabian [] []
[2021-04-25T02:35:50.097049+00:00] app log.INFO: Logout userId: Fabian [] []
[2021-04-25T03:27:55.163233+00:00] app log.INFO: Login userId: Fabian [] []
[2021-04-25T04:15:33.366238+00:00] app log.INFO: Login userId: Fabian [] []
[2021-04-26T04:30:48.268143+00:00] app log.INFO: Login userId: Fabian [] []
[2021-04-26T04:30:48.774300+00:00] app log.INFO: Login userId: Fabian [] []
[2021-04-26T22:54:56.205270+00:00] app log.INFO: Login userId: Fabian [] []
[2021-04-27T00:34:49.647150+00:00] app log.INFO: Login userId: Fabian [] []
[2021-04-27T02:03:13.794595+00:00] app log.INFO: Login userId: Fabian [] []
[2021-04-27T02:41:44.932322+00:00] app log.INFO: Logout userId: Fabian [] []
[2021-04-27T02:41:58.685983+00:00] app log.INFO: Login userId: Fabian [] []
[2021-04-27T02:42:01.078281+00:00] app log.INFO: Logout userId: Fabian [] []
[2021-04-27T02:42:10.159757+00:00] app log.INFO: Login userId: Fabian [] []
[2021-04-27T02:45:09.517869+00:00] app log.INFO: Logout userId: Fabian [] []
[2021-04-27T02:45:15.828753+00:00] app log.INFO: Login userId: Fabian [] []
[2021-04-27T02:45:18.953024+00:00] app log.INFO: Logout userId: Fabian [] []
[2021-04-27T02:45:55.777644+00:00] app log.INFO: Login userId: sebastian [] []
[2021-04-27T02:45:59.886592+00:00] app log.INFO: Logout userId: sebastian [] []
[2021-04-27T02:46:05.862086+00:00] app log.INFO: Login userId: sebastian [] []
[2021-04-27T02:53:01.703491+00:00] app log.INFO: Logout userId: sebastian [] []
[2021-04-27T04:34:05.365221+00:00] app log.INFO: Login userId: sebastian [] []
[2021-04-27T06:09:06.722283+00:00] app log.INFO: Login userId: Fabian [] []
[2021-04-28T19:31:33.357323+00:00] app log.INFO: Login userId: Fabian [] []
[2021-04-29T00:49:17.723190+00:00] app log.INFO: Login userId: Fabian [] []
[2021-04-29T03:25:48.559142+00:00] app log.INFO: Login userId: Fabian [] []
[2021-04-29T05:45:49.741310+00:00] app log.INFO: Logout userId: Fabian [] []
[2021-04-29T05:45:57.121124+00:00] app log.INFO: Login userId: Fabian [] []
[2021-04-29T19:30:46.608821+00:00] app log.INFO: Login userId: Fabian [] []
[2021-04-30T00:59:38.747253+00:00] app log.INFO: Login userId: Fabian [] []
[2021-04-30T04:21:08.952644+00:00] app log.INFO: Login userId: Fabian [] []
[2021-04-30T17:18:13.802065+00:00] app log.INFO: Login userId: Fabian [] []
[2021-05-01T00:05:27.328138+00:00] app log.INFO: Login userId: Fabian [] []
[2021-05-01T00:43:40.115768+00:00] app log.INFO: Login userId: Fabian [] []
[2021-05-03T05:24:26.954562+00:00] app log.INFO: Login userId: Fabian [] []
[2021-05-03T06:02:44.736856+00:00] app log.INFO: Logout userId: Fabian [] []
[2021-05-03T06:02:50.298550+00:00] app log.INFO: Login userId: Fabian [] []
[2021-05-03T07:06:35.121676+00:00] app log.INFO: Login userId: Fabian [] []
[2021-05-03T17:13:12.740851+00:00] app log.INFO: Login userId: Fabian [] []
[2021-05-03T23:58:13.660138+00:00] app log.INFO: Login userId: Fabian [] []
[2021-05-04T01:53:34.263285+00:00] app log.INFO: Login userId: Fabian [] []
[2021-05-04T03:05:41.650645+00:00] app log.INFO: Login userId: Fabian [] []
[2021-05-04T04:43:58.507879+00:00] app log.INFO: Login userId: Fabian [] []
[2021-05-04T16:06:35.258768+00:00] app log.INFO: Login userId: Fabian [] []
[2021-05-05T04:01:36.200721+00:00] app log.INFO: Login userId: Fabian [] []
[2021-05-05T23:03:50.097320+00:00] app log.INFO: Login userId: Fabian [] []
[2021-05-06T00:03:01.528857+00:00] app log.INFO: Logout userId: Fabian [] []
[2021-05-06T00:03:12.466762+00:00] app log.INFO: Login userId: Fabian [] []
[2021-05-06T03:47:50.934628+00:00] app log.INFO: Logout userId: Fabian [] []
[2021-05-06T03:47:57.101726+00:00] app log.INFO: Login userId: Admin [] []
[2021-05-06T04:32:49.218114+00:00] app log.INFO: Logout userId: Admin [] []
[2021-05-06T04:32:54.368513+00:00] app log.INFO: Login userId: Fabian [] []
[2021-05-06T04:32:55.882064+00:00] app log.INFO: Logout userId: Fabian [] []
[2021-05-06T04:33:01.748323+00:00] app log.INFO: Login userId: Admin [] []
[2021-05-06T04:33:29.847496+00:00] app log.INFO: Logout userId: Admin [] []
[2021-05-06T04:34:00.719486+00:00] app log.INFO: Login userId: Admin [] []
[2021-05-07T16:24:36.192624+00:00] app log.INFO: Login userId: Admin [] []
[2021-05-07T17:28:21.445131+00:00] app log.INFO: Login userId: Admin [] []
[2021-05-07T20:55:13.075350+00:00] app log.INFO: Login userId: Admin [] []
[2021-05-08T04:32:31.492342+00:00] app log.INFO: Login userId: Admin [] []
[2021-05-08T18:19:10.739864+00:00] app log.INFO: Login userId: Admin [] []
[2021-05-08T19:28:41.491458+00:00] app log.INFO: Login userId: Admin [] []
[2021-05-09T02:19:38.013024+00:00] app log.INFO: Login userId: Admin [] []
[2021-05-09T05:21:18.634304+00:00] app log.INFO: Login userId: Admin [] []
[2021-05-09T22:18:24.326670+00:00] app log.INFO: Login userId: Admin [] []
